
> build
> nuxt build

[90m[[90mnuxi[90m][39m [32mNuxt [1m3.20.1[22m[39m[90m (with [39m[90mNitro [1m2.12.9[22m[39m[90m, Vite [1m7.2.4[22m[39m[90m and Vue [1m3.5.25[22m[39m[90m)[39m
[90m[[90mnuxt:tailwindcss[90m][39m [36mÔä╣[39m Using default Tailwind CSS file
[90m[[90mnuxi[90m][39m [36mÔä╣[39m Building for Nitro preset: [36mnode-server[39m
[36mÔä╣[39m Building client...
[36mÔä╣[39m [36mvite v7.2.4 [32mbuilding client environment for production...[36m[39m
[36mÔä╣[39m transforming...
[36mÔä╣[39m [32mÔ£ô[39m 68 modules transformed.

 ERROR  Ô£ù Build failed in 1.12s


[nuxi]  ERROR  Nuxt Build Error: [vite]: Rollup failed to resolve import "@heroicons/vue/24/outline" from "C:/Users/matyc/OneDrive/Escritorio/BeltranBrione/pages/index.vue".
This is most likely unintended because it can break your application at runtime.
If you do want to externalize this module explicitly add it to
build.rollupOptions.external

    at viteLog (/C:/Users/matyc/OneDrive/Escritorio/BeltranBrione/node_modules/vite/dist/node/chunks/config.js:34283:57)
    at onRollupLog (/C:/Users/matyc/OneDrive/Escritorio/BeltranBrione/node_modules/vite/dist/node/chunks/config.js:34313:7)
    at onLog (/C:/Users/matyc/OneDrive/Escritorio/BeltranBrione/node_modules/vite/dist/node/chunks/config.js:34115:4)
    at /C:/Users/matyc/OneDrive/Escritorio/BeltranBrione/node_modules/rollup/dist/es/shared/node-entry.js:20961:32
    at Object.logger [as onLog] (/C:/Users/matyc/OneDrive/Escritorio/BeltranBrione/node_modules/rollup/dist/es/shared/node-entry.js:22848:9)
    at ModuleLoader.handleInvalidResolvedId (/C:/Users/matyc/OneDrive/Escritorio/BeltranBrione/node_modules/rollup/dist/es/shared/node-entry.js:21592:26)
    at /C:/Users/matyc/OneDrive/Escritorio/BeltranBrione/node_modules/rollup/dist/es/shared/node-entry.js:21550:26

